2025-07-28 11:19:27,541 - performance - INFO - {"timestamp": "2025-07-28T03:19:27.541527", "method": "GET", "path": "/health", "query_params": "", "status_code": 200, "process_time_ms": 0.74, "slow_request": false}
2025-07-28 11:19:27,592 - performance - INFO - {"timestamp": "2025-07-28T03:19:27.592773", "method": "GET", "path": "/", "query_params": "", "status_code": 200, "process_time_ms": 1.11, "slow_request": false}
2025-07-28 11:19:27,662 - performance - INFO - {"timestamp": "2025-07-28T03:19:27.662933", "method": "GET", "path": "/metrics", "query_params": "", "status_code": 200, "process_time_ms": 0.43, "slow_request": false}
2025-07-28 11:19:27,736 - performance - INFO - {"timestamp": "2025-07-28T03:19:27.736233", "method": "HEAD", "path": "/health", "query_params": "", "status_code": 405, "process_time_ms": 0.63, "slow_request": false}
2025-07-28 11:19:48,283 - performance - INFO - {"timestamp": "2025-07-28T03:19:48.283659", "method": "GET", "path": "/health", "query_params": "", "status_code": 200, "process_time_ms": 0.78, "slow_request": false}
2025-07-28 11:19:48,287 - performance - INFO - {"timestamp": "2025-07-28T03:19:48.287587", "method": "GET", "path": "/", "query_params": "", "status_code": 200, "process_time_ms": 0.55, "slow_request": false}
2025-07-28 11:19:48,290 - performance - INFO - {"timestamp": "2025-07-28T03:19:48.290618", "method": "GET", "path": "/metrics", "query_params": "", "status_code": 200, "process_time_ms": 0.45, "slow_request": false}
2025-07-28 11:19:48,293 - performance - INFO - {"timestamp": "2025-07-28T03:19:48.293275", "method": "GET", "path": "/health", "query_params": "", "status_code": 200, "process_time_ms": 0.5, "slow_request": false}
2025-07-28 11:20:06,680 - performance - INFO - {"timestamp": "2025-07-28T03:20:06.680150", "method": "GET", "path": "/health", "query_params": "", "status_code": 200, "process_time_ms": 0.89, "slow_request": false}
2025-07-28 11:20:06,683 - performance - INFO - {"timestamp": "2025-07-28T03:20:06.683466", "method": "GET", "path": "/", "query_params": "", "status_code": 200, "process_time_ms": 0.47, "slow_request": false}
2025-07-28 11:20:06,686 - performance - INFO - {"timestamp": "2025-07-28T03:20:06.686211", "method": "GET", "path": "/metrics", "query_params": "", "status_code": 200, "process_time_ms": 0.44, "slow_request": false}
2025-07-28 11:40:20,086 - performance - INFO - {"timestamp": "2025-07-28T03:40:20.086198", "method": "GET", "path": "/", "query_params": "", "status_code": 200, "process_time_ms": 0.77, "slow_request": false}
2025-07-28 11:40:20,089 - performance - INFO - {"timestamp": "2025-07-28T03:40:20.089532", "method": "GET", "path": "/health", "query_params": "", "status_code": 200, "process_time_ms": 0.53, "slow_request": false}
2025-07-28 11:40:20,092 - performance - INFO - {"timestamp": "2025-07-28T03:40:20.092268", "method": "GET", "path": "/metrics", "query_params": "", "status_code": 200, "process_time_ms": 0.47, "slow_request": false}
2025-07-28 11:40:20,095 - performance - INFO - {"timestamp": "2025-07-28T03:40:20.095253", "method": "POST", "path": "/admin/reset-metrics", "query_params": "", "status_code": 200, "process_time_ms": 0.54, "slow_request": false}
2025-07-28 11:40:20,098 - performance - INFO - {"timestamp": "2025-07-28T03:40:20.098196", "method": "GET", "path": "/health", "query_params": "", "status_code": 200, "process_time_ms": 0.51, "slow_request": false}
2025-07-28 11:40:20,100 - performance - INFO - {"timestamp": "2025-07-28T03:40:20.100547", "method": "GET", "path": "/nonexistent-endpoint", "query_params": "", "status_code": 404, "process_time_ms": 0.2, "slow_request": false}
2025-07-28 11:40:51,348 - performance - INFO - {"timestamp": "2025-07-28T03:40:51.348302", "method": "GET", "path": "/nonexistent", "query_params": "", "status_code": 404, "process_time_ms": 0.28, "slow_request": false}
2025-07-28 11:41:24,563 - performance - INFO - {"timestamp": "2025-07-28T03:41:24.563907", "method": "GET", "path": "/", "query_params": "", "status_code": 200, "process_time_ms": 0.95, "slow_request": false}
2025-07-28 11:41:24,567 - performance - INFO - {"timestamp": "2025-07-28T03:41:24.567690", "method": "GET", "path": "/health", "query_params": "", "status_code": 200, "process_time_ms": 0.56, "slow_request": false}
2025-07-28 11:41:24,570 - performance - INFO - {"timestamp": "2025-07-28T03:41:24.570524", "method": "GET", "path": "/metrics", "query_params": "", "status_code": 200, "process_time_ms": 0.42, "slow_request": false}
2025-07-28 11:41:24,573 - performance - INFO - {"timestamp": "2025-07-28T03:41:24.573051", "method": "POST", "path": "/admin/reset-metrics", "query_params": "", "status_code": 200, "process_time_ms": 0.43, "slow_request": false}
2025-07-28 11:41:24,575 - performance - INFO - {"timestamp": "2025-07-28T03:41:24.575676", "method": "GET", "path": "/health", "query_params": "", "status_code": 200, "process_time_ms": 0.49, "slow_request": false}
2025-07-28 11:41:24,577 - performance - INFO - {"timestamp": "2025-07-28T03:41:24.577859", "method": "GET", "path": "/nonexistent-endpoint", "query_params": "", "status_code": 404, "process_time_ms": 0.2, "slow_request": false}
2025-07-28 11:42:22,441 - performance - WARNING - {"timestamp": "2025-07-28T03:42:22.441192", "method": "POST", "path": "/auth/send-verification-code", "query_params": "", "status_code": 200, "process_time_ms": 1699.3, "slow_request": true}
2025-07-28 11:42:22,531 - performance - INFO - {"timestamp": "2025-07-28T03:42:22.531555", "method": "POST", "path": "/auth/register/email", "query_params": "", "status_code": 400, "process_time_ms": 69.45, "slow_request": false}
2025-07-28 11:42:23,013 - performance - INFO - {"timestamp": "2025-07-28T03:42:23.013301", "method": "POST", "path": "/auth/login/email", "query_params": "", "status_code": 401, "process_time_ms": 478.86, "slow_request": false}
2025-07-28 11:42:23,018 - performance - INFO - {"timestamp": "2025-07-28T03:42:23.018062", "method": "POST", "path": "/auth/token", "query_params": "", "status_code": 422, "process_time_ms": 1.99, "slow_request": false}
2025-07-28 11:43:03,030 - performance - INFO - {"timestamp": "2025-07-28T03:43:03.030704", "method": "POST", "path": "/auth/send-verification-code", "query_params": "", "status_code": 200, "process_time_ms": 553.68, "slow_request": false}
2025-07-28 11:43:03,123 - performance - INFO - {"timestamp": "2025-07-28T03:43:03.123894", "method": "POST", "path": "/auth/register/email", "query_params": "", "status_code": 400, "process_time_ms": 70.35, "slow_request": false}
2025-07-28 11:43:03,608 - performance - INFO - {"timestamp": "2025-07-28T03:43:03.608005", "method": "POST", "path": "/auth/login/email", "query_params": "", "status_code": 401, "process_time_ms": 481.71, "slow_request": false}
2025-07-28 11:43:03,612 - performance - INFO - {"timestamp": "2025-07-28T03:43:03.612259", "method": "POST", "path": "/auth/token", "query_params": "user_id=1", "status_code": 200, "process_time_ms": 1.73, "slow_request": false}
2025-07-28 20:19:40,707 - performance - INFO - {"timestamp": "2025-07-28T12:19:40.707546", "method": "GET", "path": "/", "query_params": "", "status_code": 200, "process_time_ms": 0.4, "slow_request": false}
2025-07-28 20:20:28,660 - performance - INFO - {"timestamp": "2025-07-28T12:20:28.660837", "method": "GET", "path": "/", "query_params": "", "status_code": 200, "process_time_ms": 0.94, "slow_request": false}
2025-07-28 20:21:44,036 - performance - WARNING - {"timestamp": "2025-07-28T12:21:44.036484", "method": "POST", "path": "/auth/register/email", "query_params": "", "status_code": 400, "process_time_ms": 75368.19, "slow_request": true}
2025-07-28 20:22:10,924 - performance - INFO - {"timestamp": "2025-07-28T12:22:10.924759", "method": "GET", "path": "/", "query_params": "", "status_code": 200, "process_time_ms": 0.5, "slow_request": false}
2025-07-28 20:22:43,363 - performance - INFO - {"timestamp": "2025-07-28T12:22:43.362970", "method": "GET", "path": "/", "query_params": "", "status_code": 200, "process_time_ms": 0.27, "slow_request": false}
